{
  "stats": {
    "suites": 1,
    "tests": 3,
    "passes": 3,
    "pending": 0,
    "failures": 0,
    "start": "2023-12-26T04:51:38.573Z",
    "end": "2023-12-26T04:51:54.482Z",
    "duration": 15909,
    "testsRegistered": 3,
    "passPercent": 100,
    "pendingPercent": 0,
    "other": 0,
    "hasOther": false,
    "skipped": 0,
    "hasSkipped": false
  },
  "results": [
    {
      "uuid": "981565a5-6f28-47b6-b070-3df3f680db15",
      "title": "",
      "fullFile": "C:\\Users\\LENOVO\\projects\\selenium-autoExercise-tests\\test\\registeringUser.js",
      "file": "\\test\\registeringUser.js",
      "beforeHooks": [],
      "afterHooks": [],
      "tests": [],
      "suites": [
        {
          "uuid": "015cec9b-c040-43d9-a663-3bdfcdfa6b71",
          "title": "Registering a User",
          "fullFile": "C:\\Users\\LENOVO\\projects\\selenium-autoExercise-tests\\test\\registeringUser.js",
          "file": "\\test\\registeringUser.js",
          "beforeHooks": [
            {
              "title": "\"before each\" hook in \"Registering a User\"",
              "fullTitle": "Registering a User \"before each\" hook in \"Registering a User\"",
              "timedOut": null,
              "duration": 4121,
              "state": null,
              "speed": null,
              "pass": false,
              "fail": false,
              "pending": null,
              "context": null,
              "code": "driver = await new Builder().forBrowser('chrome').build();\nawait driver.get('https://automationexercise.com/');",
              "err": {},
              "uuid": "a8e4f3a4-d76f-4026-82f7-1644fc19cd2d",
              "parentUUID": null,
              "isHook": true,
              "skipped": false
            }
          ],
          "afterHooks": [
            {
              "title": "\"after each\" hook in \"Registering a User\"",
              "fullTitle": "Registering a User \"after each\" hook in \"Registering a User\"",
              "timedOut": null,
              "duration": 138,
              "state": null,
              "speed": null,
              "pass": false,
              "fail": false,
              "pending": null,
              "context": null,
              "code": "await driver.quit();",
              "err": {},
              "uuid": "34679468-54c1-4d2a-90d6-6dc62118fe87",
              "parentUUID": null,
              "isHook": true,
              "skipped": false
            }
          ],
          "tests": [
            {
              "title": "Should Navigate to url 'http://automationexercise.com'",
              "fullTitle": "Registering a User Should Navigate to url 'http://automationexercise.com'",
              "timedOut": null,
              "duration": 7,
              "state": "passed",
              "speed": "fast",
              "pass": true,
              "fail": false,
              "pending": false,
              "context": null,
              "code": "let title = await driver.getTitle();\ntitle.should.equal('Automation Exercise');",
              "err": {},
              "uuid": "f6aa3f09-5b89-4d77-8d50-58bbae0cff3d",
              "parentUUID": null,
              "isHook": false,
              "skipped": false
            },
            {
              "title": "Should Navigate to New User Signup Page",
              "fullTitle": "Registering a User Should Navigate to New User Signup Page",
              "timedOut": null,
              "duration": 2127,
              "state": "passed",
              "speed": "slow",
              "pass": true,
              "fail": false,
              "pending": false,
              "context": null,
              "code": "await driver.findElement(By.css('a[href=\"/login\"]')).click();\nlet heading = await driver.findElement(By.css('#form > div > div > div:nth-child(3) > div > h2')).getText();\nexpect(heading).to.include('New User Signup!');",
              "err": {},
              "uuid": "52dd5980-1c88-4a33-b295-56d80e27c7cd",
              "parentUUID": null,
              "isHook": false,
              "skipped": false
            },
            {
              "title": "Should fill in the name and email",
              "fullTitle": "Registering a User Should fill in the name and email",
              "timedOut": null,
              "duration": 2715,
              "state": "passed",
              "speed": "slow",
              "pass": true,
              "fail": false,
              "pending": false,
              "context": null,
              "code": "await driver.findElement(By.css('a[href=\"/login\"]')).click();\nconst signupName = await driver.findElement(By.css('input[data-qa=\"signup-name\"'));\nconst signupEmail = await driver.findElement(By.css('input[data-qa=\"signup-email\"'));\nawait signupName.sendKeys(fName);\nawait signupEmail.sendKeys(email);\nconst actualName = await signupName.getAttribute('value');\nconst expectedName = fName;\nconst actualEmail = await signupEmail.getAttribute('value');\nconst expectedEmail = email;\nexpect(actualName).to.equal(expectedName);\nexpect(actualEmail).to.equal(expectedEmail);",
              "err": {},
              "uuid": "7df21dcf-055c-4433-8892-299538e3abcd",
              "parentUUID": null,
              "isHook": false,
              "skipped": false
            }
          ],
          "suites": [],
          "passes": [
            "f6aa3f09-5b89-4d77-8d50-58bbae0cff3d",
            "52dd5980-1c88-4a33-b295-56d80e27c7cd",
            "7df21dcf-055c-4433-8892-299538e3abcd"
          ],
          "failures": [],
          "pending": [],
          "skipped": [],
          "duration": 4849,
          "root": false,
          "rootEmpty": false,
          "_timeout": null
        }
      ],
      "passes": [],
      "failures": [],
      "pending": [],
      "skipped": [],
      "duration": 0,
      "root": true,
      "rootEmpty": true,
      "_timeout": 0
    }
  ],
  "meta": {
    "mocha": {
      "version": "10.2.0"
    },
    "mochawesome": {
      "options": {
        "quiet": false,
        "reportFilename": "testResults",
        "saveHtml": true,
        "saveJson": true,
        "consoleReporter": "spec",
        "useInlineDiffs": false,
        "code": true
      },
      "version": "7.1.3"
    },
    "marge": {
      "options": {
        "reportDir": "C:/Users/LENOVO/projects/selenium-autoExercise-tests/testReport",
        "reportFilename": "testResults"
      },
      "version": "6.2.0"
    }
  }
}